
                                      ARENA Simulation Results
                                   Robin Evans - License: STUDENT

                                  Summary for Replication 1 of 1

Project: Unnamed Project                                             Run execution date : 6/30/2020
Analyst: Robin Evans                                                 Model revision date: 6/30/2020

Replication ended at time      : 8.0 Hours (Tuesday, June 30, 2020, 15:00:00)
Base Time Units: Hours

                                           TALLY VARIABLES

Identifier                                  Average   Half Width  Minimum    Maximum   Observations
___________________________________________________________________________________________________

bespokePlus.VATime                          .43192     (Insuf)    .43192     .43192          1    
bespokePlus.NVATime                         .00000     (Insuf)    .00000     .00000          1    
bespokePlus.WaitTime                        .00000     (Insuf)    .00000     .00000          1    
bespokePlus.TranTime                        .00000     (Insuf)    .00000     .00000          1    
bespokePlus.OtherTime                       .00000     (Insuf)    .00000     .00000          1    
bespokePlus.TotalTime                       .43192     (Insuf)    .43192     .43192          1    
bespoke.VATime                              .36289     (Insuf)    .33960     .37842          3    
bespoke.NVATime                             .00000     (Insuf)    .00000     .00000          3    
bespoke.WaitTime                            .22082     (Insuf)    .00000     .43376          3    
bespoke.TranTime                            .00000     (Insuf)    .00000     .00000          3    
bespoke.OtherTime                           .00000     (Insuf)    .00000     .00000          3    
bespoke.TotalTime                           .58371     (Insuf)    .37842     .80442          3    
signalTrigger.VATime                            --         --         --         --          0
signalTrigger.NVATime                           --         --         --         --          0
signalTrigger.WaitTime                          --         --         --         --          0
signalTrigger.TranTime                          --         --         --         --          0
signalTrigger.OtherTime                         --         --         --         --          0
signalTrigger.TotalTime                         --         --         --         --          0
inventory.VATime                            .39349     (Insuf)    .33730     .44929         50    
inventory.NVATime                           .00000     (Insuf)    .00000     .00000         50    
inventory.WaitTime                          .62550     (Insuf)    .00000     1.2833         50    
inventory.TranTime                          .00000     (Insuf)    .00000     .00000         50    
inventory.OtherTime                         .00000     (Insuf)    .00000     .00000         50    
inventory.TotalTime                         1.0189     (Insuf)    .39880     1.6206         50    
Hold For Tomorrow.Queue.WaitingTime             --         --         --         --          0
OvenSetup.Queue.WaitingTime                 .00131     (Insuf)    .00000     .01181          9    
Batch in 10.Queue.WaitingTime               .00000     (Insuf)    .00000     .00000         50    
RecipePreparation and Preheat.Queue.Waitin  .11359     (Insuf)    .00000     .19983          3    
PrepQueue.Queue.WaitingTime                 .38193     (Insuf)    .00000     1.2833          9    

                                     DISCRETE-CHANGE VARIABLES

Identifier                                  Average   Half Width  Minimum    Maximum   Final Value
___________________________________________________________________________________________________

bespokePlus.WIP                             .05399     (Insuf)    .00000     1.0000     .00000    
bespoke.WIP                                 .21889     (Insuf)    .00000     3.0000     .00000    
signalTrigger.WIP                           .00000     (Insuf)    .00000     .00000     .00000    
inventory.WIP                               7.0055     (Insuf)    .00000     55.000     .00000    
Operator.NumberBusy                         .28252     (Insuf)    .00000     1.0000     .00000    
Operator.NumberScheduled                    1.0000     (Insuf)    1.0000     1.0000     1.0000    
Operator.Utilization                        .28252     (Insuf)    .00000     1.0000     .00000    
Hold For Tomorrow.Queue.NumberInQueue       .00000     (Insuf)    .00000     .00000     .00000    
OvenSetup.Queue.NumberInQueue               .00148     (Insuf)    .00000     1.0000     .00000    
Batch in 10.Queue.NumberInQueue             .00000     (Insuf)    .00000     10.000     .00000    
RecipePreparation and Preheat.Queue.Number  .04260     (Insuf)    .00000     1.0000     .00000    
PrepQueue.Queue.NumberInQueue               .42967     (Insuf)    .00000     4.0000     .00000    

                                             COUNTERS

Identifier                                    Count   Limit
_____________________________________________________________

cDailyTally                                       9  Infinite
cOrderNumber                                      9  Infinite

                                             OUTPUTS

Identifier                                   Value
_____________________________________________________________

bespokePlus.NumberIn                        1.0000    
bespokePlus.NumberOut                       1.0000    
bespoke.NumberIn                            3.0000    
bespoke.NumberOut                           3.0000    
signalTrigger.NumberIn                      .00000    
signalTrigger.NumberOut                     .00000    
inventory.NumberIn                          55.000    
inventory.NumberOut                         55.000    
Operator.NumberSeized                       12.000    
Operator.ScheduledUtilization               .28252    
System.NumberOut                            54.000    


Simulation run time: 1.77 minutes.
Simulation run complete.
